<?xml version="1.0" encoding="UTF-8"?>
<!-- Generated by org.testng.reporters.JUnitReportReporter -->
<testsuite hostname="LAPTOP-4IH5GN98" failures="0" tests="1" name="TestNG.Wikipedia_TestClass" time="0.411" errors="0" timestamp="2023-02-21T20:25:07 SGT" skipped="0">
  <testcase classname="TestNG.Wikipedia_TestClass" name="VerifTextOnHomePage" time="0.411"/>
  <system-out/>
</testsuite> <!-- TestNG.Wikipedia_TestClass -->
